<?xml version="1.0" encoding="UTF-8"?>
<!-- Generated by org.testng.reporters.JUnitXMLReporter -->
<testsuite ignored="0" hostname="Priyanka" failures="0" tests="2" name="Test-Runner-Edge" time="61.085" errors="0" timestamp="2023-05-20T19:25:12 IST">
  <testcase classname="Vtigrerapplication.CreateContactwithOrganizationTest" name="createcontactwithorganization" time="33.947"/>
  <testcase classname="Vtigrerapplication.CreateContactwithOrganizationTest" name="demosuite" time="0.003"/>
</testsuite> <!-- Test-Runner-Edge -->
