<?xml version="1.0" encoding="UTF-8"?>
<!-- Generated by org.testng.reporters.JUnitReportReporter -->
<testsuite hostname="Priyanka" failures="0" tests="2" name="Vtigrerapplication.CreateContactwithOrganizationTest" time="49.684" errors="0" timestamp="2023-05-21T15:01:28 IST" skipped="0">
  <testcase classname="Vtigrerapplication.CreateContactwithOrganizationTest" name="createcontactwithorganization" time="39.810"/>
  <system-out/>
  <testcase classname="Vtigrerapplication.CreateContactwithOrganizationTest" name="demosuite" time="9.874"/>
  <system-out/>
</testsuite> <!-- Vtigrerapplication.CreateContactwithOrganizationTest -->
