<?xml version="1.0" encoding="UTF-8"?>
<!-- Generated by org.testng.reporters.JUnitReportReporter -->
<testsuite hostname="Priyanka" failures="0" tests="2" name="Vtigrerapplication.CreateOnlyContact" time="11.771" errors="0" timestamp="2023-06-02T00:17:44 IST" skipped="0">
  <testcase classname="Vtigrerapplication.CreateOnlyContact" name="demosuite" time="2.401"/>
  <system-out/>
  <testcase classname="Vtigrerapplication.CreateOnlyContact" name="createcontactonly" time="9.370"/>
  <system-out/>
</testsuite> <!-- Vtigrerapplication.CreateOnlyContact -->
