<?xml version="1.0" encoding="UTF-8"?>
<!-- Generated by org.testng.reporters.JUnitReportReporter -->
<testsuite hostname="Priyanka" failures="0" tests="1" name="Vtigrerapplication.CreateContactwithOrganizationTest" time="26.846" errors="0" timestamp="2023-06-02T02:00:25 IST" skipped="0">
  <testcase classname="Vtigrerapplication.CreateContactwithOrganizationTest" name="createcontactwithorganization" time="26.846"/>
  <system-out/>
</testsuite> <!-- Vtigrerapplication.CreateContactwithOrganizationTest -->
