<?xml version="1.0" encoding="UTF-8"?>
<!-- Generated by org.testng.reporters.JUnitReportReporter -->
<testsuite hostname="Priyanka" failures="0" tests="1" name="Prcaticepackage.Mavenpractice" time="0.009" errors="0" timestamp="2023-05-23T22:17:02 IST" skipped="0">
  <testcase classname="Prcaticepackage.Mavenpractice" name="readdata" time="0.009"/>
  <system-out/>
</testsuite> <!-- Prcaticepackage.Mavenpractice -->
