<?xml version="1.0" encoding="UTF-8"?>
<!-- Generated by org.testng.reporters.JUnitReportReporter -->
<testsuite hostname="Priyanka" failures="0" tests="2" name="Vtigrerapplication.Testcriptforcreateorganization" time="0.000" errors="0" timestamp="2023-05-20T18:34:42 IST" skipped="2">
  <testcase classname="Vtigrerapplication.Testcriptforcreateorganization" name="createOrganization" time="0.000">
    <skipped/>
  </testcase> <!-- createOrganization -->
  <system-out/>
  <testcase classname="Vtigrerapplication.Testcriptforcreateorganization" name="createOrganization" time="0.000">
    <skipped/>
  </testcase> <!-- createOrganization -->
  <system-out/>
</testsuite> <!-- Vtigrerapplication.Testcriptforcreateorganization -->
