<?xml version="1.0" encoding="UTF-8"?>
<!-- Generated by org.testng.reporters.JUnitReportReporter -->
<testsuite hostname="Priyanka" failures="0" tests="2" name="Vtigrerapplication.CreateContactwithOrganizationTest" time="24.977" errors="0" timestamp="2023-06-02T00:17:16 IST" skipped="0">
  <testcase classname="Vtigrerapplication.CreateContactwithOrganizationTest" name="createcontactwithorganization" time="20.279"/>
  <system-out/>
  <testcase classname="Vtigrerapplication.CreateContactwithOrganizationTest" name="demosuite" time="4.698"/>
  <system-out/>
</testsuite> <!-- Vtigrerapplication.CreateContactwithOrganizationTest -->
