<?xml version="1.0" encoding="UTF-8"?>
<!-- Generated by org.testng.reporters.JUnitReportReporter -->
<testsuite hostname="Priyanka" failures="0" tests="1" name="Vtigrerapplication.CreateOnlyContact" time="16.198" errors="0" timestamp="2023-06-02T02:00:25 IST" skipped="0">
  <testcase classname="Vtigrerapplication.CreateOnlyContact" name="createcontactonly" time="16.198"/>
  <system-out/>
</testsuite> <!-- Vtigrerapplication.CreateOnlyContact -->
