<?xml version="1.0" encoding="UTF-8"?>
<!-- Generated by org.testng.reporters.JUnitReportReporter -->
<testsuite hostname="Priyanka" failures="0" tests="1" name="Vtigrerapplication.Testcriptforcreateorganization" time="8.579" errors="0" timestamp="2023-06-02T00:18:06 IST" skipped="0">
  <testcase classname="Vtigrerapplication.Testcriptforcreateorganization" name="createOrganization" time="8.579"/>
  <system-out/>
</testsuite> <!-- Vtigrerapplication.Testcriptforcreateorganization -->
